0 info it worked if it ends with ok
1 verbose cli [ '/usr/local/bin/node', '/usr/local/bin/npm', 'start' ]
2 info using npm@3.5.2
3 info using node@v5.1.1
4 verbose run-script [ 'prestart', 'start', 'poststart' ]
5 info lifecycle mgrush.github.com@0.0.0~prestart: mgrush.github.com@0.0.0
6 silly lifecycle mgrush.github.com@0.0.0~prestart: no script for prestart, continuing
7 info lifecycle mgrush.github.com@0.0.0~start: mgrush.github.com@0.0.0
8 verbose lifecycle mgrush.github.com@0.0.0~start: unsafe-perm in lifecycle true
9 verbose lifecycle mgrush.github.com@0.0.0~start: PATH: /usr/local/lib/node_modules/npm/bin/node-gyp-bin:/home/www/mgrush.github.com/node_modules/.bin:/Users/mgrush/.rvm/gems/ruby-2.0.0-p598/bin:/Users/mgrush/.rvm/gems/ruby-2.0.0-p598@global/bin:/Users/mgrush/.rvm/rubies/ruby-2.0.0-p598/bin:/Users/mgrush/bin/Sencha/Cmd/5.1.2.52:/Library/Java/JavaVirtualMachines/jdk1.8.0_25.jdk/Contents/Home/bin:/Users/mgrush/java/apache-maven-3.2.5/bin:/usr/local/bin:/usr/bin:/bin:/usr/sbin:/sbin:/Users/mgrush/bin/Sencha/Cmd/5.1.2.52:/Library/Java/JavaVirtualMachines/jdk1.8.0_25.jdk/Contents/Home/bin:/Users/mgrush/java/apache-maven-3.2.5/bin:/Users/mgrush/.rvm/gems/ruby-2.0.0-p598/bin:/Users/mgrush/.rvm/gems/ruby-2.0.0-p598@global/bin:/Users/mgrush/.rvm/rubies/ruby-2.0.0-p598/bin:/Users/mgrush/bin/Sencha/Cmd/5.1.2.52:/Library/Java/JavaVirtualMachines/jdk1.8.0_25.jdk/Contents/Home/bin:/Users/mgrush/java/apache-maven-3.2.5/bin:/usr/local/bin:/usr/bin:/bin:/usr/sbin:/sbin:/Users/mgrush/.rvm/bin
10 verbose lifecycle mgrush.github.com@0.0.0~start: CWD: /home/www/mgrush.github.com
11 silly lifecycle mgrush.github.com@0.0.0~start: Args: [ '-c', 'node ./bin/www' ]
12 silly lifecycle mgrush.github.com@0.0.0~start: Returned: code: 1  signal: null
13 info lifecycle mgrush.github.com@0.0.0~start: Failed to exec start script
14 verbose stack Error: mgrush.github.com@0.0.0 start: `node ./bin/www`
14 verbose stack Exit status 1
14 verbose stack     at EventEmitter.<anonymous> (/usr/local/lib/node_modules/npm/lib/utils/lifecycle.js:232:16)
14 verbose stack     at emitTwo (events.js:87:13)
14 verbose stack     at EventEmitter.emit (events.js:172:7)
14 verbose stack     at ChildProcess.<anonymous> (/usr/local/lib/node_modules/npm/lib/utils/spawn.js:24:14)
14 verbose stack     at emitTwo (events.js:87:13)
14 verbose stack     at ChildProcess.emit (events.js:172:7)
14 verbose stack     at maybeClose (internal/child_process.js:818:16)
14 verbose stack     at Process.ChildProcess._handle.onexit (internal/child_process.js:211:5)
15 verbose pkgid mgrush.github.com@0.0.0
16 verbose cwd /home/www/mgrush.github.com
17 error Darwin 15.4.0
18 error argv "/usr/local/bin/node" "/usr/local/bin/npm" "start"
19 error node v5.1.1
20 error npm  v3.5.2
21 error code ELIFECYCLE
22 error mgrush.github.com@0.0.0 start: `node ./bin/www`
22 error Exit status 1
23 error Failed at the mgrush.github.com@0.0.0 start script 'node ./bin/www'.
23 error Make sure you have the latest version of node.js and npm installed.
23 error If you do, this is most likely a problem with the mgrush.github.com package,
23 error not with npm itself.
23 error Tell the author that this fails on your system:
23 error     node ./bin/www
23 error You can get information on how to open an issue for this project with:
23 error     npm bugs mgrush.github.com
23 error Or if that isn't available, you can get their info via:
23 error     npm owner ls mgrush.github.com
23 error There is likely additional logging output above.
24 verbose exit [ 1, true ]
